
=== RUN logos_v01_char_4layers STEP 0 @ 2025-12-05 22:15:38 ===
train loss: 4.545 (ppl 94.15)
val   loss: 4.545 (ppl 94.18)
prompt: Hello! Can you see me?
sample:
Hello! Can you see me?IfO:Ip:P]b!8wx 1GwDK8wiLd﻿fo?tbx4p“203R—WwHt.WPiD,y]0""U(IH"6XU8eIfk5pW"iG0DqT=Y—nRiYWo9fyk"]UM?:”[8“1Iq*v[iW?Rfo:p4x2PG1nk[ssDqcw]8A—8Xy?3GwG)N;FJ:G.Y8pW4fyIJOhUDroY3=U?8!XGH4Rafi
c﻿i
a””U
PJH.E2P
:I
--------------------------------------------------

=== RUN logos_v01_char_4layers STEP 500 @ 2025-12-05 22:16:09 ===
train loss: 1.520 (ppl 4.57)
val   loss: 1.489 (ppl 4.43)
prompt: Hello! Can you see me?
sample:
Hello! Can you see me? 
Or the the same ext indemont, the would be be that a grate has of the care heax an in them to has should is a state doenses becomme any our that is part the should be with
not and not of gaes. 
That
--------------------------------------------------

=== RUN logos_v01_char_4layers STEP 1000 @ 2025-12-05 22:16:40 ===
train loss: 1.341 (ppl 3.82)
val   loss: 1.323 (ppl 3.75)
prompt: Hello! Can you see me?
sample:
Hello! Can you see me? I say, and which expect the templates,
fortune that they may sort of the other an is opposed to to excellene and power passses the word of which
may part from therefore is everything said at in the v
--------------------------------------------------

=== RUN logos_v01_char_4layers STEP 1500 @ 2025-12-05 22:17:10 ===
train loss: 1.295 (ppl 3.65)
val   loss: 1.291 (ppl 3.63)
prompt: Hello! Can you see me?
sample:
Hello! Can you see me? It is reason, and in itself, the
same life, but as they should every virtue health of the same of the slories,
or is desires to what is virtue also voluntarily of of power the
appectite of the better
--------------------------------------------------

=== RUN logos_v01_char_4layers STEP 2000 @ 2025-12-05 22:17:41 ===
train loss: 1.284 (ppl 3.61)
val   loss: 1.298 (ppl 3.66)
prompt: Hello! Can you see me?
sample:
Hello! Can you see me? It is reason, he said, then, they have no to die, and they
their former of physical into the other prodigal passion of the same
who have been in my voluntarily of our own. The cause of the general
ph
--------------------------------------------------

=== RUN logos_v01_char_4layers STEP 2500 @ 2025-12-05 22:18:12 ===
train loss: 1.279 (ppl 3.59)
val   loss: 1.310 (ppl 3.71)
prompt: Hello! Can you see me?
sample:
Hello! Can you see me?

Of the things want with to the poets, for their sake, but not each
other, is a particular another, while tention it is not the world
of the season, and what is true more of life action and distincti
--------------------------------------------------

=== RUN logos_v01_char_4layers STEP 3000 @ 2025-12-05 22:18:42 ===
train loss: 1.291 (ppl 3.64)
val   loss: 1.331 (ppl 3.79)
prompt: Hello! Can you see me?
sample:
Hello! Can you see me?

Or pleasant then I wisdom not, I have not such as anything hard, for in
our perpecial, the more of their certainly species and well. The admit
that happiness to refence, when all comparished objects
--------------------------------------------------

=== RUN logos_v01_char_4layers STEP 0 @ 2025-12-05 22:23:55 ===
train loss: 4.444 (ppl 85.14)
val   loss: 4.439 (ppl 84.69)
prompt: Hello! Can you see me?
sample:
Hello! Can you see me?MfOo'V’yeVStwx 4”HDW8N8PPjfo’”,,5QH!w3C—fBHtU di0,y]0x,U(IH—(hU8eI5T5p3—KN*7qT=e ne!Y o;fyUH]Uo5x Z!“KI *([5eyæeotu4_Adf9'Keteyq]w0z=—8Xy?3GwG0NOFm:GSU8p44fy;JOtU=Bof3=U3OHuGHBp f[UeA*7qK“*6xJHoE,yBp“
--------------------------------------------------

=== RUN logos_v01_char_4layers STEP 500 @ 2025-12-05 22:24:26 ===
train loss: 1.513 (ppl 4.54)
val   loss: 1.481 (ppl 4.40)
prompt: Hello! Can you see me?
sample:
Hello! Can you see me? 
Or the the same same whom the speres, for a distrates to the sensess.

Now her naid of the concepts of virtually of destrent, been can to who all avolution; not
rother is the canner said and objects
--------------------------------------------------

=== RUN logos_v01_char_4layers STEP 1000 @ 2025-12-05 22:24:57 ===
train loss: 1.337 (ppl 3.81)
val   loss: 1.321 (ppl 3.75)
prompt: Hello! Can you see me?
sample:
Hello! Can you see me? 



It is that as is induce to the election. Therefore they have already of health should be other provided the
thing that the command of a commony of perfection to be with necessary to have in the
v
--------------------------------------------------

=== RUN logos_v01_char_4layers STEP 1500 @ 2025-12-05 22:25:28 ===
train loss: 1.295 (ppl 3.65)
val   loss: 1.293 (ppl 3.64)
prompt: Hello! Can you see me?
sample:
Hello! Can you see me? It is reason, and in its power, permitted to his,
and their has office intendeal, is not that which they she are power to
extend that a virtue ally voluntarily of of morality; and some of
action from
--------------------------------------------------

=== RUN logos_v01_char_4layers STEP 2000 @ 2025-12-05 22:25:59 ===
train loss: 1.280 (ppl 3.60)
val   loss: 1.293 (ppl 3.64)
prompt: Hello! Can you see me?
sample:
Hello! Can you see me?--------------------------------------------------------------------------------------------------------------------------------------------------------------------------------------------------------
--------------------------------------------------

=== RUN logos_v01_char_4layers STEP 0 @ 2025-12-08 21:33:01 ===
train loss: 4.515 (ppl 91.36)
val   loss: 4.513 (ppl 91.18)
prompt: Hello! Can you see me?
sample:
Hello! Can you see me?Mf5Ejæ’Pb-S8wx 4!9DK—wiPdjfouJ,L"p7WxVx7fBHtU 7i]HRaEx,﻿TIHJGXæ—eI﻿k5p7—;N*”qT=expR!YWBqEvt"]UM?:]﻿!-;IqlWr5e?RelxlgNr?f9'’eseeq]I0*AClX??qWw;)7;lJ’l'Ygp':f?;JlgU=BQYZ'U?JHuZ?5RaL“Fc﻿R7Zl?3
xJHæb2;rgI
--------------------------------------------------

=== RUN logos_v01_char_4layers STEP 500 @ 2025-12-08 21:33:33 ===
train loss: 1.509 (ppl 4.52)
val   loss: 1.482 (ppl 4.40)
prompt: Hello! Can you see me?
sample:
Hello! Can you see me? 
Opperation a possiblitions to the would be being a sultiment of a man conting and since that
who he collection, with these sences activil who all avourt to be of
of more of leasure is of greate them
--------------------------------------------------

=== RUN logos_v01_char_4layers STEP 1000 @ 2025-12-08 21:34:05 ===
train loss: 1.340 (ppl 3.82)
val   loss: 1.325 (ppl 3.76)
prompt: Hello! Can you see me?
sample:
Hello! Can you see me? 
When Athenians any similarly, they perfect being and things they friends,
is not desire to the soul of virtue of government because and laws them:
voluntarily of of more of liariary said and objects
--------------------------------------------------

=== RUN logos_v01_char_4layers STEP 1500 @ 2025-12-08 21:34:37 ===
train loss: 1.289 (ppl 3.63)
val   loss: 1.287 (ppl 3.62)
prompt: Hello! Can you see me?
sample:
Hello! Can you see me? 
When yet the people is thought to be lowed. Therefore they have already of health, and the contrary
of virtue of the function of the syn of them all general or more power,
and these say, and objects
--------------------------------------------------

=== RUN logos_v01_char_4layers STEP 2000 @ 2025-12-08 21:35:07 ===
train loss: 1.280 (ppl 3.60)
val   loss: 1.294 (ppl 3.65)
prompt: Hello! Can you see me?
sample:
Hello! Can you see me? I ought to be absolute to one, and when he
can say that I can see to be considered him, to a concerned would as
the money, then, say, although they do not allow those who examine
the same are objects
--------------------------------------------------
